{"level":"error","message":"Status-500 - Message- Cannot read properties of undefined (reading 'image')","method":"POST","timestamp":"2024-06-19T01:15:07.331Z","url":"/api/plantation/createNewPlantation","userEmail":"akhil@gmail.com"}
{"level":"error","message":"Status-500 - Message- Cannot read properties of undefined (reading 'image')","method":"POST","timestamp":"2024-06-19T01:15:48.197Z","url":"/api/plantation/createNewPlantation","userEmail":"akhil@gmail.com"}
{"level":"error","message":"Status-500 - Message- Cannot read properties of undefined (reading 'image')","method":"POST","timestamp":"2024-06-19T01:16:00.152Z","url":"/api/plantation/createNewPlantation","userEmail":"akhil@gmail.com"}
{"level":"error","message":"Status-500 - Message- Cannot read properties of undefined (reading 'image')","method":"POST","timestamp":"2024-06-19T01:16:27.081Z","url":"/api/plantation/createNewPlantation","userEmail":"akhil@gmail.com"}
{"level":"error","message":"Status-500 - Message- Cannot read properties of undefined (reading 'image')","method":"POST","timestamp":"2024-06-19T01:16:54.474Z","url":"/api/plantation/createNewPlantation","userEmail":"akhil@gmail.com"}
{"level":"error","message":"Status-500 - Message- Cannot read properties of undefined (reading 'image')","method":"POST","timestamp":"2024-06-19T01:17:41.133Z","url":"/api/plantation/createNewPlantation","userEmail":"akhil@gmail.com"}
{"level":"error","message":"Status-500 - Message- fileURLToPath is not defined","method":"POST","timestamp":"2024-06-19T01:25:26.101Z","url":"/api/plantation/createNewPlantation","userEmail":"akhil@gmail.com"}
{"level":"error","message":"Status-500 - Message- path is not defined","method":"POST","timestamp":"2024-06-19T01:26:29.780Z","url":"/api/plantation/createNewPlantation","userEmail":"akhil@gmail.com"}
{"level":"error","message":"Status-500 - Message- Must supply api_key","method":"POST","timestamp":"2024-06-19T01:26:50.455Z","url":"/api/plantation/createNewPlantation","userEmail":"akhil@gmail.com"}
{"level":"error","message":"Status-500 - Message- Must supply api_key","method":"POST","timestamp":"2024-06-19T01:30:06.337Z","url":"/api/plantation/createNewPlantation","userEmail":"akhil@gmail.com"}
{"level":"error","message":"Status-500 - Message- fs is not defined","method":"POST","timestamp":"2024-06-19T01:30:58.034Z","url":"/api/plantation/createNewPlantation","userEmail":"akhil@gmail.com"}
{"level":"error","message":"Status-500 - Message- fs is not defined","method":"POST","timestamp":"2024-06-19T01:31:35.370Z","url":"/api/plantation/createNewPlantation","userEmail":"akhil@gmail.com"}
{"level":"error","message":"Status-500 - Message- fs is not defined","method":"POST","timestamp":"2024-06-19T01:32:51.580Z","url":"/api/plantation/createNewPlantation","userEmail":"akhil@gmail.com"}
{"level":"error","message":"Status-500 - Message- The \"cb\" argument must be of type function. Received undefined","method":"POST","timestamp":"2024-06-19T01:33:34.793Z","url":"/api/plantation/createNewPlantation","userEmail":"akhil@gmail.com"}
{"level":"error","message":"Status-500 - Message- The \"cb\" argument must be of type function. Received undefined","method":"POST","timestamp":"2024-06-19T01:34:12.149Z","url":"/api/plantation/createNewPlantation","userEmail":"akhil@gmail.com"}
{"level":"error","message":"Status-500 - Message- Must supply api_key","method":"POST","timestamp":"2024-06-19T01:35:52.022Z","url":"/api/plantation/createNewPlantation","userEmail":"akhil@gmail.com"}
{"level":"error","message":"Status-500 - Message- Plantation validation failed: milestones: Milestones array should have more than one element.","method":"POST","timestamp":"2024-06-19T01:44:51.945Z","url":"/api/plantation/createNewPlantation","userEmail":"akhil@gmail.com"}
{"level":"error","message":"Status-500 - Message- Plantation validation failed: milestones: Milestones array should have more than one element.","method":"POST","timestamp":"2024-06-19T01:46:13.779Z","url":"/api/plantation/createNewPlantation","userEmail":"akhil@gmail.com"}
{"level":"error","message":"Status-500 - Message- Plantation validation failed: milestones: Milestones array should have more than one element.","method":"POST","timestamp":"2024-06-19T01:49:05.841Z","url":"/api/plantation/createNewPlantation","userEmail":"akhil@gmail.com"}
{"level":"error","message":"Status-500 - Message- Plantation validation failed: milestones: Milestones array should have more than one element.","method":"POST","timestamp":"2024-06-19T01:49:39.129Z","url":"/api/plantation/createNewPlantation","userEmail":"akhil@gmail.com"}
{"level":"error","message":"Status-500 - Message- Class constructor ObjectId cannot be invoked without 'new'","method":"POST","timestamp":"2024-06-19T01:52:55.125Z","url":"/api/plantation/createNewPlantation","userEmail":"akhil@gmail.com"}
{"level":"error","message":"Status-500 - Message- details?.milestones is not a function","method":"POST","timestamp":"2024-06-19T01:53:35.237Z","url":"/api/plantation/createNewPlantation","userEmail":"akhil@gmail.com"}
{"level":"error","message":"Status-500 - Message- (intermediate value)(intermediate value) is not a function","method":"POST","timestamp":"2024-06-19T01:54:41.520Z","url":"/api/plantation/createNewPlantation","userEmail":"akhil@gmail.com"}
{"level":"error","message":"Status-500 - Message- userId is not defined","method":"GET","timestamp":"2024-06-19T02:05:16.004Z","url":"/api/plantation/","userEmail":"N/A"}
{"level":"error","message":"Status-500 - Message- userId is not defined","method":"GET","timestamp":"2024-06-19T02:05:30.330Z","url":"/api/plantation/","userEmail":"akhil@gmail.com"}
{"level":"error","message":"Status-500 - Message- File size too large. Got 10859268. Maximum is 10485760.","method":"POST","timestamp":"2024-06-19T02:35:12.033Z","url":"/api/plantation/createNewPlantation","userEmail":"akhil1@gmail.com"}
{"level":"error","message":"Status-500 - Message- fs is not defined","method":"POST","timestamp":"2024-06-19T02:36:02.495Z","url":"/api/plantation/createNewPlantation","userEmail":"akhil1@gmail.com"}
