{"level":"info","message":"GET /api/plantation/milestones","timestamp":"2024-06-19T01:06:26.876Z","userEmail":"N/A"}
{"level":"info","message":"POST /api/user/signIn","timestamp":"2024-06-19T01:14:43.938Z","userEmail":"N/A"}
{"level":"info","message":"POST /api/plantation/createNewPlantation","timestamp":"2024-06-19T01:15:07.327Z","userEmail":"akhil@gmail.com"}
{"level":"info","message":"POST /api/plantation/createNewPlantation","timestamp":"2024-06-19T01:15:48.188Z","userEmail":"akhil@gmail.com"}
{"level":"info","message":"POST /api/plantation/createNewPlantation","timestamp":"2024-06-19T01:16:00.150Z","userEmail":"akhil@gmail.com"}
{"level":"info","message":"POST /api/plantation/createNewPlantation","timestamp":"2024-06-19T01:16:27.072Z","userEmail":"akhil@gmail.com"}
{"level":"info","message":"POST /api/plantation/createNewPlantation","timestamp":"2024-06-19T01:16:54.464Z","userEmail":"akhil@gmail.com"}
{"level":"info","message":"POST /api/plantation/createNewPlantation","timestamp":"2024-06-19T01:17:41.122Z","userEmail":"akhil@gmail.com"}
{"level":"info","message":"POST /api/plantation/createNewPlantation","timestamp":"2024-06-19T01:25:26.082Z","userEmail":"akhil@gmail.com"}
{"level":"info","message":"POST /api/plantation/createNewPlantation","timestamp":"2024-06-19T01:26:29.765Z","userEmail":"akhil@gmail.com"}
{"level":"info","message":"POST /api/plantation/createNewPlantation","timestamp":"2024-06-19T01:26:50.423Z","userEmail":"akhil@gmail.com"}
{"level":"info","message":"POST /api/plantation/createNewPlantation","timestamp":"2024-06-19T01:30:06.306Z","userEmail":"akhil@gmail.com"}
{"level":"info","message":"POST /api/plantation/createNewPlantation","timestamp":"2024-06-19T01:30:58.017Z","userEmail":"akhil@gmail.com"}
{"level":"info","message":"POST /api/plantation/createNewPlantation","timestamp":"2024-06-19T01:31:35.361Z","userEmail":"akhil@gmail.com"}
{"level":"info","message":"POST /api/plantation/createNewPlantation","timestamp":"2024-06-19T01:32:51.562Z","userEmail":"akhil@gmail.com"}
{"level":"info","message":"POST /api/plantation/createNewPlantation","timestamp":"2024-06-19T01:33:34.774Z","userEmail":"akhil@gmail.com"}
{"level":"info","message":"POST /api/plantation/createNewPlantation","timestamp":"2024-06-19T01:34:12.129Z","userEmail":"akhil@gmail.com"}
{"level":"info","message":"POST /api/plantation/createNewPlantation","timestamp":"2024-06-19T01:35:51.988Z","userEmail":"akhil@gmail.com"}
{"level":"info","message":"POST /api/plantation/createNewPlantation","timestamp":"2024-06-19T01:36:52.504Z","userEmail":"akhil@gmail.com"}
{"level":"info","message":"POST /api/plantation/createNewPlantation","timestamp":"2024-06-19T01:38:27.250Z","userEmail":"akhil@gmail.com"}
{"level":"info","message":"POST /api/plantation/createNewPlantation","timestamp":"2024-06-19T01:44:49.467Z","userEmail":"akhil@gmail.com"}
{"level":"info","message":"POST /api/plantation/createNewPlantation","timestamp":"2024-06-19T01:46:11.581Z","userEmail":"akhil@gmail.com"}
{"level":"info","message":"POST /api/plantation/createNewPlantation","timestamp":"2024-06-19T01:49:01.633Z","userEmail":"akhil@gmail.com"}
{"level":"info","message":"POST /api/plantation/createNewPlantation","timestamp":"2024-06-19T01:49:36.699Z","userEmail":"akhil@gmail.com"}
{"level":"info","message":"POST /api/plantation/createNewPlantation","timestamp":"2024-06-19T01:50:18.478Z","userEmail":"akhil@gmail.com"}
{"level":"info","message":"POST /api/plantation/createNewPlantation","timestamp":"2024-06-19T01:52:52.686Z","userEmail":"akhil@gmail.com"}
{"level":"info","message":"POST /api/plantation/createNewPlantation","timestamp":"2024-06-19T01:53:32.886Z","userEmail":"akhil@gmail.com"}
{"level":"info","message":"POST /api/plantation/createNewPlantation","timestamp":"2024-06-19T01:54:39.016Z","userEmail":"akhil@gmail.com"}
{"level":"info","message":"POST /api/plantation/createNewPlantation","timestamp":"2024-06-19T01:55:20.174Z","userEmail":"akhil@gmail.com"}
{"level":"info","message":"POST /api/plantation/createNewPlantation","timestamp":"2024-06-19T01:57:02.965Z","userEmail":"akhil@gmail.com"}
{"level":"info","message":"GET /api/plantation/","timestamp":"2024-06-19T02:05:15.998Z","userEmail":"N/A"}
{"level":"info","message":"GET /api/plantation/","timestamp":"2024-06-19T02:05:30.327Z","userEmail":"akhil@gmail.com"}
{"level":"info","message":"GET /api/plantation/","timestamp":"2024-06-19T02:06:02.063Z","userEmail":"akhil@gmail.com"}
{"level":"info","message":"POST /api/user/signIn","timestamp":"2024-06-19T02:06:48.874Z","userEmail":"N/A"}
{"level":"info","message":"POST /api/user/signIn","timestamp":"2024-06-19T02:06:54.150Z","userEmail":"N/A"}
{"level":"info","message":"POST /api/plantation/createNewPlantation","timestamp":"2024-06-19T02:07:05.228Z","userEmail":"akhil1@gmail.com"}
{"level":"info","message":"GET /api/plantation/","timestamp":"2024-06-19T02:07:13.661Z","userEmail":"akhil@gmail.com"}
{"level":"info","message":"GET /api/plantation/","timestamp":"2024-06-19T02:07:18.292Z","userEmail":"akhil1@gmail.com"}
{"level":"info","message":"PUT /api/plantation/updatePlantation/66723d4bdb49298c7c37bd1f","timestamp":"2024-06-19T02:27:50.577Z","userEmail":"N/A"}
{"level":"info","message":"PUT /api/plantation/updatePlantation/66723d4bdb49298c7c37bd1f","timestamp":"2024-06-19T02:29:55.821Z","userEmail":"N/A"}
{"level":"info","message":"POST /api/plantation/createNewPlantation","timestamp":"2024-06-19T02:35:07.894Z","userEmail":"akhil1@gmail.com"}
{"level":"info","message":"POST /api/plantation/createNewPlantation","timestamp":"2024-06-19T02:35:57.001Z","userEmail":"akhil1@gmail.com"}
{"level":"info","message":"POST /api/plantation/createNewPlantation","timestamp":"2024-06-19T02:36:42.531Z","userEmail":"akhil1@gmail.com"}
{"level":"info","message":"POST /api/user/signIn","timestamp":"2024-06-19T05:11:41.883Z","userEmail":"N/A"}
{"level":"info","message":"GET /api/plantation/","timestamp":"2024-06-19T05:11:51.857Z","userEmail":"akhil1@gmail.com"}
